[NbConvertApp] Converting notebook __notebook__.ipynb to notebook

[NbConvertApp] Executing notebook with kernel: python3

[LightGBM] [Warning] num_threads is set=4, n_jobs=-1 will be ignored. Current value: num_threads=4

[LightGBM] [Warning] num_threads is set=4, n_jobs=-1 will be ignored. Current value: num_threads=4

[LightGBM] [Warning] num_threads is set=4, n_jobs=-1 will be ignored. Current value: num_threads=4

[LightGBM] [Warning] num_threads is set=4, n_jobs=-1 will be ignored. Current value: num_threads=4

[LightGBM] [Warning] num_threads is set=4, n_jobs=-1 will be ignored. Current value: num_threads=4

[LightGBM] [Warning] num_threads is set=4, n_jobs=-1 will be ignored. Current value: num_threads=4

[LightGBM] [Warning] num_threads is set=4, n_jobs=-1 will be ignored. Current value: num_threads=4

[LightGBM] [Warning] num_threads is set=4, n_jobs=-1 will be ignored. Current value: num_threads=4

[LightGBM] [Warning] num_threads is set=4, n_jobs=-1 will be ignored. Current value: num_threads=4

[LightGBM] [Warning] num_threads is set=4, n_jobs=-1 will be ignored. Current value: num_threads=4

[LightGBM] [Warning] num_threads is set=4, n_jobs=-1 will be ignored. Current value: num_threads=4

[LightGBM] [Warning] num_threads is set=4, n_jobs=-1 will be ignored. Current value: num_threads=4

[LightGBM] [Warning] num_threads is set=4, n_jobs=-1 will be ignored. Current value: num_threads=4

[LightGBM] [Warning] num_threads is set=4, n_jobs=-1 will be ignored. Current value: num_threads=4

[LightGBM] [Warning] num_threads is set=4, n_jobs=-1 will be ignored. Current value: num_threads=4

[LightGBM] [Warning] num_threads is set=4, n_jobs=-1 will be ignored. Current value: num_threads=4

[LightGBM] [Warning] num_threads is set=4, n_jobs=-1 will be ignored. Current value: num_threads=4

[LightGBM] [Warning] num_threads is set=4, n_jobs=-1 will be ignored. Current value: num_threads=4

[LightGBM] [Warning] num_threads is set=4, n_jobs=-1 will be ignored. Current value: num_threads=4

[LightGBM] [Warning] num_threads is set=4, n_jobs=-1 will be ignored. Current value: num_threads=4

[LightGBM] [Warning] num_threads is set=4, n_jobs=-1 will be ignored. Current value: num_threads=4

[LightGBM] [Warning] num_threads is set=4, n_jobs=-1 will be ignored. Current value: num_threads=4

[LightGBM] [Warning] num_threads is set=4, n_jobs=-1 will be ignored. Current value: num_threads=4

[LightGBM] [Warning] num_threads is set=4, n_jobs=-1 will be ignored. Current value: num_threads=4

[LightGBM] [Warning] num_threads is set=4, n_jobs=-1 will be ignored. Current value: num_threads=4

[LightGBM] [Warning] num_threads is set=4, n_jobs=-1 will be ignored. Current value: num_threads=4

[LightGBM] [Warning] num_threads is set=4, n_jobs=-1 will be ignored. Current value: num_threads=4

[NbConvertApp] Writing 814495 bytes to __notebook__.ipynb

[NbConvertApp] Converting notebook __notebook__.ipynb to html

[NbConvertApp] Support files will be in __results___files/
[NbConvertApp] Making directory __results___files

[NbConvertApp] Making directory __results___files
[NbConvertApp] Making directory __results___files
[NbConvertApp] Making directory __results___files
[NbConvertApp] Making directory __results___files
[NbConvertApp] Making directory __results___files
[NbConvertApp] Making directory __results___files
[NbConvertApp] Making directory __results___files
[NbConvertApp] Making directory __results___files
[NbConvertApp] Making directory __results___files
[NbConvertApp] Making directory __results___files
[NbConvertApp] Making directory __results___files
[NbConvertApp] Making directory __results___files

[NbConvertApp] Making directory __results___files
[NbConvertApp] Making directory __results___files
[NbConvertApp] Writing 438796 bytes to __results__.html
